#
# There is insufficient memory for the Java Runtime Environment to continue.
# Native memory allocation (malloc) failed to allocate 494224 bytes for Chunk::new
# Possible reasons:
#   The system is out of physical RAM or swap space
#   The process is running with CompressedOops enabled, and the Java Heap may be blocking the growth of the native heap
# Possible solutions:
#   Reduce memory load on the system
#   Increase physical memory or swap space
#   Check if swap backing store is full
#   Decrease Java heap size (-Xmx/-Xms)
#   Decrease number of Java threads
#   Decrease Java thread stack sizes (-Xss)
#   Set larger code cache with -XX:ReservedCodeCacheSize=
#   JVM is running with Unscaled Compressed Oops mode in which the Java heap is
#     placed in the first 4GB address space. The Java Heap base address is the
#     maximum limit for the native heap growth. Please use -XX:HeapBaseMinAddress
#     to set the Java Heap base and to place the Java Heap above 4GB virtual address.
# This output file may be truncated or incomplete.
#
#  Out of Memory Error (arena.cpp:168), pid=9880, tid=2300
#
# JRE version: Java(TM) SE Runtime Environment (21.0.2+13) (build 21.0.2+13-LTS-58)
# Java VM: Java HotSpot(TM) 64-Bit Server VM (21.0.2+13-LTS-58, mixed mode, sharing, tiered, compressed oops, compressed class ptrs, g1 gc, windows-amd64)
# No core dump will be written. Minidumps are not enabled by default on client versions of Windows
#

---------------  S U M M A R Y ------------

Command Line: -Dfile.encoding=UTF-8 --module-path=C:\Users\thile\Documents\NetBeansProjects\JavaApplication49\build\classes javaapplication49.Principal

Host: Intel(R) Celeron(R) N4020 CPU @ 1.10GHz, 2 cores, 3G,  Windows 11 , 64 bit Build 22621 (10.0.22621.3958)
Time: Wed Sep 10 13:08:11 2025 Romance Standard Time elapsed time: 0.711413 seconds (0d 0h 0m 0s)

---------------  T H R E A D  ---------------

Current thread (0x0000018c7fa198e0):  JavaThread "C2 CompilerThread0" daemon [_thread_in_native, id=2300, stack(0x00000025fb000000,0x00000025fb100000) (1024K)]


Current CompileTask:
C2:    711  498 %     4       java.text.MessageFormat::applyPattern @ 34 (422 bytes)

Stack: [0x00000025fb000000,0x00000025fb100000]
Native frames: (J=compiled Java code, j=interpreted, Vv=VM code, C=native code)
V  [jvm.dll+0x6cade9]
V  [jvm.dll+0x8569c1]
V  [jvm.dll+0x858d2e]
V  [jvm.dll+0x859413]
V  [jvm.dll+0x280e56]
V  [jvm.dll+0xc3f3d]
V  [jvm.dll+0xc4473]
V  [jvm.dll+0x3b5c2c]
V  [jvm.dll+0x382855]
V  [jvm.dll+0x381cca]
V  [jvm.dll+0x249bd0]
V  [jvm.dll+0x2491b1]
V  [jvm.dll+0x1c9634]
V  [jvm.dll+0x258859]
V  [jvm.dll+0x256e3a]
V  [jvm.dll+0x3ef6c6]
V  [jvm.dll+0x7ff568]
V  [jvm.dll+0x6c953d]
C  [ucrtbase.dll+0x29333]
C  [KERNEL32.DLL+0x1257d]
C  [ntdll.dll+0x5af28]


---------------  P R O C E S S  ---------------

Threads class SMR info:
_java_thread_list=0x0000018c7faca910, length=12, elements={
0x0000018c71ff6480, 0x0000018c742fe930, 0x0000018c7fa15060, 0x0000018c7fa16c30,
0x0000018c7fa17690, 0x0000018c7fa180f0, 0x0000018c7fa18b50, 0x0000018c7fa198e0,
0x0000018c7fa861d0, 0x0000018c7fad5340, 0x0000018c7fd24040, 0x0000018c7fdc55a0
}

Java Threads: ( => current thread )
  0x0000018c71ff6480 JavaThread "main"                              [_thread_in_vm, id=9992, stack(0x00000025fa100000,0x00000025fa200000) (1024K)]
  0x0000018c742fe930 JavaThread "Reference Handler"          daemon [_thread_blocked, id=928, stack(0x00000025faa00000,0x00000025fab00000) (1024K)]
  0x0000018c7fa15060 JavaThread "Finalizer"                  daemon [_thread_blocked, id=8552, stack(0x00000025fab00000,0x00000025fac00000) (1024K)]
  0x0000018c7fa16c30 JavaThread "Signal Dispatcher"          daemon [_thread_blocked, id=7120, stack(0x00000025fac00000,0x00000025fad00000) (1024K)]
  0x0000018c7fa17690 JavaThread "Attach Listener"            daemon [_thread_blocked, id=8376, stack(0x00000025fad00000,0x00000025fae00000) (1024K)]
  0x0000018c7fa180f0 JavaThread "Service Thread"             daemon [_thread_blocked, id=3040, stack(0x00000025fae00000,0x00000025faf00000) (1024K)]
  0x0000018c7fa18b50 JavaThread "Monitor Deflation Thread"   daemon [_thread_blocked, id=2068, stack(0x00000025faf00000,0x00000025fb000000) (1024K)]
=>0x0000018c7fa198e0 JavaThread "C2 CompilerThread0"         daemon [_thread_in_native, id=2300, stack(0x00000025fb000000,0x00000025fb100000) (1024K)]
  0x0000018c7fa861d0 JavaThread "C1 CompilerThread0"         daemon [_thread_blocked, id=9888, stack(0x00000025fb100000,0x00000025fb200000) (1024K)]
  0x0000018c7fad5340 JavaThread "Common-Cleaner"             daemon [_thread_blocked, id=9236, stack(0x00000025fb200000,0x00000025fb300000) (1024K)]
  0x0000018c7fd24040 JavaThread "Notification Thread"        daemon [_thread_blocked, id=944, stack(0x00000025fb300000,0x00000025fb400000) (1024K)]
  0x0000018c7fdc55a0 JavaThread "mysql-cj-abandoned-connection-cleanup" daemon [_thread_blocked, id=4468, stack(0x00000025fb400000,0x00000025fb500000) (1024K)]
Total: 12

Other Threads:
  0x0000018c742eb870 VMThread "VM Thread"                           [id=948, stack(0x00000025fa900000,0x00000025faa00000) (1024K)]
  0x0000018c7fa0ba10 WatcherThread "VM Periodic Task Thread"        [id=8604, stack(0x00000025fa800000,0x00000025fa900000) (1024K)]
  0x0000018c7426aba0 WorkerThread "GC Thread#0"                     [id=5660, stack(0x00000025fa300000,0x00000025fa400000) (1024K)]
  0x0000018c7fee3720 WorkerThread "GC Thread#1"                     [id=8996, stack(0x00000025fb500000,0x00000025fb600000) (1024K)]
  0x0000018c74273580 ConcurrentGCThread "G1 Main Marker"            [id=6000, stack(0x00000025fa400000,0x00000025fa500000) (1024K)]
  0x0000018c74274130 WorkerThread "G1 Conc#0"                       [id=9052, stack(0x00000025fa500000,0x00000025fa600000) (1024K)]
  0x0000018c742bd320 ConcurrentGCThread "G1 Refine#0"               [id=2896, stack(0x00000025fa600000,0x00000025fa700000) (1024K)]
  0x0000018c742bdf40 ConcurrentGCThread "G1 Service"                [id=10216, stack(0x00000025fa700000,0x00000025fa800000) (1024K)]
Total: 8

Threads with active compile tasks:
C2 CompilerThread0      763  498 %     4       java.text.MessageFormat::applyPattern @ 34 (422 bytes)
C1 CompilerThread0      764  544       3       java.lang.StringLatin1::regionMatchesCI (45 bytes)
Total: 2

VM state: not at safepoint (normal execution)

VM Mutex/Monitor currently owned by a thread: None

Heap address: 0x00000000c2c00000, size: 980 MB, Compressed Oops mode: 32-bit

CDS archive(s) mapped at: [0x0000018c0f000000-0x0000018c0fc90000-0x0000018c0fc90000), size 13172736, SharedBaseAddress: 0x0000018c0f000000, ArchiveRelocationMode: 1.
Compressed class space mapped at: 0x0000018c10000000-0x0000018c50000000, reserved size: 1073741824
Narrow klass base: 0x0000018c0f000000, Narrow klass shift: 0, Narrow klass range: 0x100000000

GC Precious Log:
 CardTable entry size: 512
 Card Set container configuration: InlinePtr #cards 5 size 8 Array Of Cards #cards 12 size 40 Howl #buckets 4 coarsen threshold 1843 Howl Bitmap #cards 512 size 80 coarsen threshold 460 Card regions per heap region 1 cards per card region 2048
 CPUs: 2 total, 2 available
 Memory: 3918M
 Large Page Support: Disabled
 NUMA Support: Disabled
 Compressed Oops: Enabled (32-bit)
 Heap Region Size: 1M
 Heap Min Capacity: 8M
 Heap Initial Capacity: 62M
 Heap Max Capacity: 980M
 Pre-touch: Disabled
 Parallel Workers: 2
 Concurrent Workers: 1
 Concurrent Refinement Workers: 2
 Periodic GC: Disabled

Heap:
 garbage-first heap   total 63488K, used 1641K [0x00000000c2c00000, 0x0000000100000000)
  region size 1024K, 2 young (2048K), 1 survivors (1024K)
 Metaspace       used 2542K, committed 2688K, reserved 1114112K
  class space    used 221K, committed 320K, reserved 1048576K

Heap Regions: E=young(eden), S=young(survivor), O=old, HS=humongous(starts), HC=humongous(continues), CS=collection set, F=free, TAMS=top-at-mark-start, PB=parsable bottom
|   0|0x00000000c2c00000, 0x00000000c2c9a6a0, 0x00000000c2d00000| 60%| O|  |TAMS 0x00000000c2c00000| PB 0x00000000c2c00000| Untracked 
|   1|0x00000000c2d00000, 0x00000000c2d00000, 0x00000000c2e00000|  0%| F|  |TAMS 0x00000000c2d00000| PB 0x00000000c2d00000| Untracked 
|   2|0x00000000c2e00000, 0x00000000c2e00000, 0x00000000c2f00000|  0%| F|  |TAMS 0x00000000c2e00000| PB 0x00000000c2e00000| Untracked 
|   3|0x00000000c2f00000, 0x00000000c2f00000, 0x00000000c3000000|  0%| F|  |TAMS 0x00000000c2f00000| PB 0x00000000c2f00000| Untracked 
|   4|0x00000000c3000000, 0x00000000c3000000, 0x00000000c3100000|  0%| F|  |TAMS 0x00000000c3000000| PB 0x00000000c3000000| Untracked 
|   5|0x00000000c3100000, 0x00000000c3100000, 0x00000000c3200000|  0%| F|  |TAMS 0x00000000c3100000| PB 0x00000000c3100000| Untracked 
|   6|0x00000000c3200000, 0x00000000c3200000, 0x00000000c3300000|  0%| F|  |TAMS 0x00000000c3200000| PB 0x00000000c3200000| Untracked 
|   7|0x00000000c3300000, 0x00000000c3300000, 0x00000000c3400000|  0%| F|  |TAMS 0x00000000c3300000| PB 0x00000000c3300000| Untracked 
|   8|0x00000000c3400000, 0x00000000c3400000, 0x00000000c3500000|  0%| F|  |TAMS 0x00000000c3400000| PB 0x00000000c3400000| Untracked 
|   9|0x00000000c3500000, 0x00000000c3500000, 0x00000000c3600000|  0%| F|  |TAMS 0x00000000c3500000| PB 0x00000000c3500000| Untracked 
|  10|0x00000000c3600000, 0x00000000c3600000, 0x00000000c3700000|  0%| F|  |TAMS 0x00000000c3600000| PB 0x00000000c3600000| Untracked 
|  11|0x00000000c3700000, 0x00000000c3700000, 0x00000000c3800000|  0%| F|  |TAMS 0x00000000c3700000| PB 0x00000000c3700000| Untracked 
|  12|0x00000000c3800000, 0x00000000c3800000, 0x00000000c3900000|  0%| F|  |TAMS 0x00000000c3800000| PB 0x00000000c3800000| Untracked 
|  13|0x00000000c3900000, 0x00000000c3900000, 0x00000000c3a00000|  0%| F|  |TAMS 0x00000000c3900000| PB 0x00000000c3900000| Untracked 
|  14|0x00000000c3a00000, 0x00000000c3a00000, 0x00000000c3b00000|  0%| F|  |TAMS 0x00000000c3a00000| PB 0x00000000c3a00000| Untracked 
|  15|0x00000000c3b00000, 0x00000000c3b00000, 0x00000000c3c00000|  0%| F|  |TAMS 0x00000000c3b00000| PB 0x00000000c3b00000| Untracked 
|  16|0x00000000c3c00000, 0x00000000c3c00000, 0x00000000c3d00000|  0%| F|  |TAMS 0x00000000c3c00000| PB 0x00000000c3c00000| Untracked 
|  17|0x00000000c3d00000, 0x00000000c3d00000, 0x00000000c3e00000|  0%| F|  |TAMS 0x00000000c3d00000| PB 0x00000000c3d00000| Untracked 
|  18|0x00000000c3e00000, 0x00000000c3e00000, 0x00000000c3f00000|  0%| F|  |TAMS 0x00000000c3e00000| PB 0x00000000c3e00000| Untracked 
|  19|0x00000000c3f00000, 0x00000000c3f00000, 0x00000000c4000000|  0%| F|  |TAMS 0x00000000c3f00000| PB 0x00000000c3f00000| Untracked 
|  20|0x00000000c4000000, 0x00000000c4000000, 0x00000000c4100000|  0%| F|  |TAMS 0x00000000c4000000| PB 0x00000000c4000000| Untracked 
|  21|0x00000000c4100000, 0x00000000c4100000, 0x00000000c4200000|  0%| F|  |TAMS 0x00000000c4100000| PB 0x00000000c4100000| Untracked 
|  22|0x00000000c4200000, 0x00000000c4200000, 0x00000000c4300000|  0%| F|  |TAMS 0x00000000c4200000| PB 0x00000000c4200000| Untracked 
|  23|0x00000000c4300000, 0x00000000c4300000, 0x00000000c4400000|  0%| F|  |TAMS 0x00000000c4300000| PB 0x00000000c4300000| Untracked 
|  24|0x00000000c4400000, 0x00000000c4400000, 0x00000000c4500000|  0%| F|  |TAMS 0x00000000c4400000| PB 0x00000000c4400000| Untracked 
|  25|0x00000000c4500000, 0x00000000c4500000, 0x00000000c4600000|  0%| F|  |TAMS 0x00000000c4500000| PB 0x00000000c4500000| Untracked 
|  26|0x00000000c4600000, 0x00000000c4600000, 0x00000000c4700000|  0%| F|  |TAMS 0x00000000c4600000| PB 0x00000000c4600000| Untracked 
|  27|0x00000000c4700000, 0x00000000c4700000, 0x00000000c4800000|  0%| F|  |TAMS 0x00000000c4700000| PB 0x00000000c4700000| Untracked 
|  28|0x00000000c4800000, 0x00000000c4800000, 0x00000000c4900000|  0%| F|  |TAMS 0x00000000c4800000| PB 0x00000000c4800000| Untracked 
|  29|0x00000000c4900000, 0x00000000c4900000, 0x00000000c4a00000|  0%| F|  |TAMS 0x00000000c4900000| PB 0x00000000c4900000| Untracked 
|  30|0x00000000c4a00000, 0x00000000c4a00000, 0x00000000c4b00000|  0%| F|  |TAMS 0x00000000c4a00000| PB 0x00000000c4a00000| Untracked 
|  31|0x00000000c4b00000, 0x00000000c4b00000, 0x00000000c4c00000|  0%| F|  |TAMS 0x00000000c4b00000| PB 0x00000000c4b00000| Untracked 
|  32|0x00000000c4c00000, 0x00000000c4c00000, 0x00000000c4d00000|  0%| F|  |TAMS 0x00000000c4c00000| PB 0x00000000c4c00000| Untracked 
|  33|0x00000000c4d00000, 0x00000000c4d00000, 0x00000000c4e00000|  0%| F|  |TAMS 0x00000000c4d00000| PB 0x00000000c4d00000| Untracked 
|  34|0x00000000c4e00000, 0x00000000c4e00000, 0x00000000c4f00000|  0%| F|  |TAMS 0x00000000c4e00000| PB 0x00000000c4e00000| Untracked 
|  35|0x00000000c4f00000, 0x00000000c4f00000, 0x00000000c5000000|  0%| F|  |TAMS 0x00000000c4f00000| PB 0x00000000c4f00000| Untracked 
|  36|0x00000000c5000000, 0x00000000c5000000, 0x00000000c5100000|  0%| F|  |TAMS 0x00000000c5000000| PB 0x00000000c5000000| Untracked 
|  37|0x00000000c5100000, 0x00000000c5100000, 0x00000000c5200000|  0%| F|  |TAMS 0x00000000c5100000| PB 0x00000000c5100000| Untracked 
|  38|0x00000000c5200000, 0x00000000c5200000, 0x00000000c5300000|  0%| F|  |TAMS 0x00000000c5200000| PB 0x00000000c5200000| Untracked 
|  39|0x00000000c5300000, 0x00000000c5300000, 0x00000000c5400000|  0%| F|  |TAMS 0x00000000c5300000| PB 0x00000000c5300000| Untracked 
|  40|0x00000000c5400000, 0x00000000c5400000, 0x00000000c5500000|  0%| F|  |TAMS 0x00000000c5400000| PB 0x00000000c5400000| Untracked 
|  41|0x00000000c5500000, 0x00000000c5500000, 0x00000000c5600000|  0%| F|  |TAMS 0x00000000c5500000| PB 0x00000000c5500000| Untracked 
|  42|0x00000000c5600000, 0x00000000c5600000, 0x00000000c5700000|  0%| F|  |TAMS 0x00000000c5600000| PB 0x00000000c5600000| Untracked 
|  43|0x00000000c5700000, 0x00000000c5700000, 0x00000000c5800000|  0%| F|  |TAMS 0x00000000c5700000| PB 0x00000000c5700000| Untracked 
|  44|0x00000000c5800000, 0x00000000c5800000, 0x00000000c5900000|  0%| F|  |TAMS 0x00000000c5800000| PB 0x00000000c5800000| Untracked 
|  45|0x00000000c5900000, 0x00000000c5900000, 0x00000000c5a00000|  0%| F|  |TAMS 0x00000000c5900000| PB 0x00000000c5900000| Untracked 
|  46|0x00000000c5a00000, 0x00000000c5a00000, 0x00000000c5b00000|  0%| F|  |TAMS 0x00000000c5a00000| PB 0x00000000c5a00000| Untracked 
|  47|0x00000000c5b00000, 0x00000000c5b00000, 0x00000000c5c00000|  0%| F|  |TAMS 0x00000000c5b00000| PB 0x00000000c5b00000| Untracked 
|  48|0x00000000c5c00000, 0x00000000c5c00000, 0x00000000c5d00000|  0%| F|  |TAMS 0x00000000c5c00000| PB 0x00000000c5c00000| Untracked 
|  49|0x00000000c5d00000, 0x00000000c5d00000, 0x00000000c5e00000|  0%| F|  |TAMS 0x00000000c5d00000| PB 0x00000000c5d00000| Untracked 
|  50|0x00000000c5e00000, 0x00000000c5e00000, 0x00000000c5f00000|  0%| F|  |TAMS 0x00000000c5e00000| PB 0x00000000c5e00000| Untracked 
|  51|0x00000000c5f00000, 0x00000000c5f00000, 0x00000000c6000000|  0%| F|  |TAMS 0x00000000c5f00000| PB 0x00000000c5f00000| Untracked 
|  52|0x00000000c6000000, 0x00000000c6000000, 0x00000000c6100000|  0%| F|  |TAMS 0x00000000c6000000| PB 0x00000000c6000000| Untracked 
|  53|0x00000000c6100000, 0x00000000c6100000, 0x00000000c6200000|  0%| F|  |TAMS 0x00000000c6100000| PB 0x00000000c6100000| Untracked 
|  54|0x00000000c6200000, 0x00000000c6200000, 0x00000000c6300000|  0%| F|  |TAMS 0x00000000c6200000| PB 0x00000000c6200000| Untracked 
|  55|0x00000000c6300000, 0x00000000c6400000, 0x00000000c6400000|100%| S|CS|TAMS 0x00000000c6300000| PB 0x00000000c6300000| Complete 
|  56|0x00000000c6400000, 0x00000000c6400000, 0x00000000c6500000|  0%| F|  |TAMS 0x00000000c6400000| PB 0x00000000c6400000| Untracked 
|  57|0x00000000c6500000, 0x00000000c6500000, 0x00000000c6600000|  0%| F|  |TAMS 0x00000000c6500000| PB 0x00000000c6500000| Untracked 
|  58|0x00000000c6600000, 0x00000000c6600000, 0x00000000c6700000|  0%| F|  |TAMS 0x00000000c6600000| PB 0x00000000c6600000| Untracked 
|  59|0x00000000c6700000, 0x00000000c6700000, 0x00000000c6800000|  0%| F|  |TAMS 0x00000000c6700000| PB 0x00000000c6700000| Untracked 
|  60|0x00000000c6800000, 0x00000000c6800000, 0x00000000c6900000|  0%| F|  |TAMS 0x00000000c6800000| PB 0x00000000c6800000| Untracked 
|  61|0x00000000c6900000, 0x00000000c6953660, 0x00000000c6a00000| 32%| E|  |TAMS 0x00000000c6900000| PB 0x00000000c6900000| Complete 

Card table byte_map: [0x0000018c7c6a0000,0x0000018c7c890000] _byte_map_base: 0x0000018c7c08a000

Marking Bits: (CMBitMap*) 0x0000018c7426b1a0
 Bits: [0x0000018c7c890000, 0x0000018c7d7e0000)

Polling page: 0x0000018c73a00000

Metaspace:

Usage:
  Non-class:      2.28 MB used.
      Class:    222.36 KB used.
       Both:      2.50 MB used.

Virtual space:
  Non-class space:       64.00 MB reserved,       2.31 MB (  4%) committed,  1 nodes.
      Class space:        1.00 GB reserved,     320.00 KB ( <1%) committed,  1 nodes.
             Both:        1.06 GB reserved,       2.62 MB ( <1%) committed. 

Chunk freelists:
   Non-Class:  10.76 MB
       Class:  15.60 MB
        Both:  26.36 MB

MaxMetaspaceSize: unlimited
CompressedClassSpaceSize: 1.00 GB
Initial GC threshold: 21.00 MB
Current GC threshold: 21.00 MB
CDS: on
 - commit_granule_bytes: 65536.
 - commit_granule_words: 8192.
 - virtual_space_node_default_size: 8388608.
 - enlarge_chunks_in_place: 1.
 - use_allocation_guard: 0.


Internal statistics:

num_allocs_failed_limit: 0.
num_arena_births: 44.
num_arena_deaths: 0.
num_vsnodes_births: 2.
num_vsnodes_deaths: 0.
num_space_committed: 42.
num_space_uncommitted: 0.
num_chunks_returned_to_freelist: 0.
num_chunks_taken_from_freelist: 108.
num_chunk_merges: 0.
num_chunk_splits: 80.
num_chunks_enlarged: 56.
num_inconsistent_stats: 0.

CodeHeap 'non-profiled nmethods': size=120064Kb used=197Kb max_used=197Kb free=119866Kb
 bounds [0x0000018c07ac0000, 0x0000018c07d30000, 0x0000018c0f000000]
CodeHeap 'profiled nmethods': size=120000Kb used=746Kb max_used=746Kb free=119253Kb
 bounds [0x0000018c00000000, 0x0000018c00270000, 0x0000018c07530000]
CodeHeap 'non-nmethods': size=5696Kb used=1344Kb max_used=1355Kb free=4351Kb
 bounds [0x0000018c07530000, 0x0000018c077a0000, 0x0000018c07ac0000]
 total_blobs=995 nmethods=546 adapters=355
 compilation: enabled
              stopped_count=0, restarted_count=0
 full_count=0

Compilation events (20 events):
Event: 0.668 Thread 0x0000018c7fa861d0  507       3       java.util.Collections$UnmodifiableCollection$1::hasNext (10 bytes)
Event: 0.669 Thread 0x0000018c7fa861d0 nmethod 507 0x0000018c000acb90 code [0x0000018c000acd40, 0x0000018c000acf18]
Event: 0.669 Thread 0x0000018c7fa861d0  508       3       java.util.Collections$UnmodifiableCollection$1::next (10 bytes)
Event: 0.669 Thread 0x0000018c7fa861d0 nmethod 508 0x0000018c000ad010 code [0x0000018c000ad1c0, 0x0000018c000ad398]
Event: 0.669 Thread 0x0000018c7fa861d0  509       1       com.mysql.cj.conf.AbstractRuntimeProperty::getPropertyDefinition (5 bytes)
Event: 0.669 Thread 0x0000018c7fa861d0 nmethod 509 0x0000018c07aedd90 code [0x0000018c07aedf20, 0x0000018c07aedfe8]
Event: 0.670 Thread 0x0000018c7fa861d0  511       1       com.mysql.cj.conf.AbstractPropertyDefinition::getName (5 bytes)
Event: 0.670 Thread 0x0000018c7fa861d0 nmethod 511 0x0000018c07aee090 code [0x0000018c07aee220, 0x0000018c07aee2e8]
Event: 0.670 Thread 0x0000018c7fa861d0  512       1       com.mysql.cj.conf.AbstractPropertyDefinition::getCcAlias (5 bytes)
Event: 0.670 Thread 0x0000018c7fa861d0 nmethod 512 0x0000018c07aee390 code [0x0000018c07aee520, 0x0000018c07aee5e8]
Event: 0.670 Thread 0x0000018c7fa861d0  513       3       java.util.concurrent.ConcurrentHashMap::containsKey (14 bytes)
Event: 0.670 Thread 0x0000018c7fa861d0 nmethod 513 0x0000018c000ad490 code [0x0000018c000ad640, 0x0000018c000ad7f0]
Event: 0.673 Thread 0x0000018c7fa861d0  515       1       java.net.URL::getAuthority (5 bytes)
Event: 0.673 Thread 0x0000018c7fa861d0 nmethod 515 0x0000018c07aeeb10 code [0x0000018c07aeeca0, 0x0000018c07aeed68]
Event: 0.673 Thread 0x0000018c7fa861d0  516       1       java.net.URL::getPath (5 bytes)
Event: 0.673 Thread 0x0000018c7fa861d0 nmethod 516 0x0000018c07aeee10 code [0x0000018c07aeefa0, 0x0000018c07aef068]
Event: 0.673 Thread 0x0000018c7fa861d0  517       1       java.net.URL::getQuery (5 bytes)
Event: 0.674 Thread 0x0000018c7fa861d0 nmethod 517 0x0000018c07aef110 code [0x0000018c07aef2a0, 0x0000018c07aef368]
Event: 0.679 Thread 0x0000018c7fa861d0  518   !   3       java.util.zip.InflaterInputStream::read (129 bytes)
Event: 0.681 Thread 0x0000018c7fa861d0 nmethod 518 0x0000018c000ad890 code [0x0000018c000adb60, 0x0000018c000ae8c8]

GC Heap History (0 events):
No events

Dll operation events (6 events):
Event: 0.029 Loaded shared library C:\Program Files\Java\jdk-21\bin\java.dll
Event: 0.207 Loaded shared library C:\Program Files\Java\jdk-21\bin\jsvml.dll
Event: 0.282 Loaded shared library C:\Program Files\Java\jdk-21\bin\net.dll
Event: 0.285 Loaded shared library C:\Program Files\Java\jdk-21\bin\nio.dll
Event: 0.354 Loaded shared library C:\Program Files\Java\jdk-21\bin\zip.dll
Event: 0.364 Loaded shared library C:\Program Files\Java\jdk-21\bin\jimage.dll

Deoptimization events (8 events):
Event: 0.350 Thread 0x0000018c71ff6480 DEOPT PACKING pc=0x0000018c00000c48 sp=0x00000025fa1fdb50
Event: 0.350 Thread 0x0000018c71ff6480 DEOPT UNPACKING pc=0x0000018c07584e23 sp=0x00000025fa1fcfc8 mode 0
Event: 0.350 Thread 0x0000018c71ff6480 DEOPT PACKING pc=0x0000018c00000c48 sp=0x00000025fa1fdb50
Event: 0.350 Thread 0x0000018c71ff6480 DEOPT UNPACKING pc=0x0000018c07584e23 sp=0x00000025fa1fcfc8 mode 0
Event: 0.350 Thread 0x0000018c71ff6480 DEOPT PACKING pc=0x0000018c00000c48 sp=0x00000025fa1fdb50
Event: 0.350 Thread 0x0000018c71ff6480 DEOPT UNPACKING pc=0x0000018c07584e23 sp=0x00000025fa1fcfc8 mode 0
Event: 0.497 Thread 0x0000018c71ff6480 DEOPT PACKING pc=0x0000018c000330d5 sp=0x00000025fa1fbdd0
Event: 0.497 Thread 0x0000018c71ff6480 DEOPT UNPACKING pc=0x0000018c07584e23 sp=0x00000025fa1fb258 mode 0

Classes loaded (20 events):
Event: 0.527 Loading class java/util/ResourceBundle$BundleReference
Event: 0.527 Loading class java/util/ResourceBundle$BundleReference done
Event: 0.535 Loading class java/text/MessageFormat
Event: 0.536 Loading class java/text/MessageFormat done
Event: 0.540 Loading class java/math/BigDecimal
Event: 0.541 Loading class java/math/BigDecimal done
Event: 0.544 Loading class java/math/MathContext
Event: 0.545 Loading class java/math/MathContext done
Event: 0.551 Loading class java/util/Collections$UnmodifiableMap$UnmodifiableEntrySet
Event: 0.551 Loading class java/util/Collections$UnmodifiableMap$UnmodifiableEntrySet done
Event: 0.551 Loading class java/util/Collections$UnmodifiableMap$UnmodifiableEntrySet$UnmodifiableEntrySetSpliterator
Event: 0.551 Loading class java/util/Collections$UnmodifiableMap$UnmodifiableEntrySet$UnmodifiableEntrySetSpliterator done
Event: 0.551 Loading class java/util/HashMap$EntrySpliterator
Event: 0.552 Loading class java/util/HashMap$EntrySpliterator done
Event: 0.553 Loading class java/lang/invoke/DirectMethodHandle$Special
Event: 0.554 Loading class java/lang/invoke/DirectMethodHandle$Special done
Event: 0.569 Loading class java/lang/NoSuchFieldError
Event: 0.569 Loading class java/lang/NoSuchFieldError done
Event: 0.653 Loading class java/text/MessageFormat$Field
Event: 0.653 Loading class java/text/MessageFormat$Field done

Classes unloaded (0 events):
No events

Classes redefined (0 events):
No events

Internal exceptions (9 events):
Event: 0.286 Thread 0x0000018c71ff6480 Exception <a 'sun/nio/fs/WindowsException'{0x00000000c6820c00}> (0x00000000c6820c00) 
thrown [s\open\src\hotspot\share\prims\jni.cpp, line 520]
Event: 0.293 Thread 0x0000018c71ff6480 Exception <a 'sun/nio/fs/WindowsException'{0x00000000c68230b8}> (0x00000000c68230b8) 
thrown [s\open\src\hotspot\share\prims\jni.cpp, line 520]
Event: 0.295 Thread 0x0000018c71ff6480 Exception <a 'sun/nio/fs/WindowsException'{0x00000000c68269c0}> (0x00000000c68269c0) 
thrown [s\open\src\hotspot\share\prims\jni.cpp, line 520]
Event: 0.295 Thread 0x0000018c71ff6480 Exception <a 'sun/nio/fs/WindowsException'{0x00000000c6827510}> (0x00000000c6827510) 
thrown [s\open\src\hotspot\share\prims\jni.cpp, line 520]
Event: 0.386 Thread 0x0000018c71ff6480 Exception <a 'java/lang/NoSuchMethodError'{0x00000000c6700dd8}: 'void java.lang.invoke.DirectMethodHandle$Holder.invokeStatic(java.lang.Object, java.lang.Object)'> (0x00000000c6700dd8) 
thrown [s\open\src\hotspot\share\interpreter\linkResolver.cpp, line 773]
Event: 0.483 Thread 0x0000018c71ff6480 Exception <a 'java/lang/NoSuchMethodError'{0x00000000c6608bf0}: 'java.lang.Object java.lang.invoke.DirectMethodHandle$Holder.invokeInterface(java.lang.Object, java.lang.Object)'> (0x00000000c6608bf0) 
thrown [s\open\src\hotspot\share\interpreter\linkResolver.cpp, line 773]
Event: 0.552 Thread 0x0000018c71ff6480 Exception <a 'java/lang/NoSuchMethodError'{0x00000000c6692320}: 'void java.lang.invoke.DirectMethodHandle$Holder.invokeSpecial(java.lang.Object, java.lang.Object, java.lang.Object)'> (0x00000000c6692320) 
thrown [s\open\src\hotspot\share\interpreter\linkResolver.cpp, line 773]
Event: 0.556 Thread 0x0000018c71ff6480 Exception <a 'java/lang/NoSuchMethodError'{0x00000000c66982c8}: 'void java.lang.invoke.DirectMethodHandle$Holder.invokeStatic(java.lang.Object, java.lang.Object, java.lang.Object)'> (0x00000000c66982c8) 
thrown [s\open\src\hotspot\share\interpreter\linkResolver.cpp, line 773]
Event: 0.563 Thread 0x0000018c71ff6480 Exception <a 'java/lang/NoSuchMethodError'{0x00000000c66a1358}: 'java.lang.Object java.lang.invoke.DirectMethodHandle$Holder.invokeVirtual(java.lang.Object, java.lang.Object, java.lang.Object)'> (0x00000000c66a1358) 
thrown [s\open\src\hotspot\share\interpreter\linkResolver.cpp, line 773]

ZGC Phase Switch (0 events):
No events

VM Operations (6 events):
Event: 0.297 Executing VM operation: HandshakeAllThreads (Deoptimize)
Event: 0.297 Executing VM operation: HandshakeAllThreads (Deoptimize) done
Event: 0.435 Executing VM operation: HandshakeAllThreads (Deoptimize)
Event: 0.435 Executing VM operation: HandshakeAllThreads (Deoptimize) done
Event: 0.538 Executing VM operation: HandshakeAllThreads (Deoptimize)
Event: 0.538 Executing VM operation: HandshakeAllThreads (Deoptimize) done

Events (12 events):
Event: 0.173 Thread 0x0000018c71ff6480 Thread added: 0x0000018c71ff6480
Event: 0.200 Thread 0x0000018c742fe930 Thread added: 0x0000018c742fe930
Event: 0.201 Thread 0x0000018c7fa15060 Thread added: 0x0000018c7fa15060
Event: 0.201 Thread 0x0000018c7fa16c30 Thread added: 0x0000018c7fa16c30
Event: 0.201 Thread 0x0000018c7fa17690 Thread added: 0x0000018c7fa17690
Event: 0.201 Thread 0x0000018c7fa180f0 Thread added: 0x0000018c7fa180f0
Event: 0.201 Thread 0x0000018c7fa18b50 Thread added: 0x0000018c7fa18b50
Event: 0.202 Thread 0x0000018c7fa198e0 Thread added: 0x0000018c7fa198e0
Event: 0.214 Thread 0x0000018c7fa861d0 Thread added: 0x0000018c7fa861d0
Event: 0.259 Thread 0x0000018c7fad5340 Thread added: 0x0000018c7fad5340
Event: 0.337 Thread 0x0000018c7fd24040 Thread added: 0x0000018c7fd24040
Event: 0.389 Thread 0x0000018c7fdc55a0 Thread added: 0x0000018c7fdc55a0


Dynamic libraries:
0x00007ff74c080000 - 0x00007ff74c090000 	C:\Program Files\Java\jdk-21\bin\java.exe
0x00007ffca91b0000 - 0x00007ffca93c7000 	C:\WINDOWS\SYSTEM32\ntdll.dll
0x00007ffca8f50000 - 0x00007ffca9014000 	C:\WINDOWS\System32\KERNEL32.DLL
0x00007ffca67d0000 - 0x00007ffca6b7d000 	C:\WINDOWS\System32\KERNELBASE.dll
0x00007ffca6540000 - 0x00007ffca6651000 	C:\WINDOWS\System32\ucrtbase.dll
0x00007ffc67b40000 - 0x00007ffc67b59000 	C:\Program Files\Java\jdk-21\bin\jli.dll
0x00007ffca71e0000 - 0x00007ffca7292000 	C:\WINDOWS\System32\ADVAPI32.dll
0x00007ffca7680000 - 0x00007ffca7727000 	C:\WINDOWS\System32\msvcrt.dll
0x00007ffca75a0000 - 0x00007ffca7649000 	C:\WINDOWS\System32\sechost.dll
0x00007ffca6eb0000 - 0x00007ffca6ed8000 	C:\WINDOWS\System32\bcrypt.dll
0x00007ffca82c0000 - 0x00007ffca83d4000 	C:\WINDOWS\System32\RPCRT4.dll
0x00007ffca8c50000 - 0x00007ffca8dfe000 	C:\WINDOWS\System32\USER32.dll
0x00007ffca6de0000 - 0x00007ffca6e06000 	C:\WINDOWS\System32\win32u.dll
0x00007ffca7650000 - 0x00007ffca7679000 	C:\WINDOWS\System32\GDI32.dll
0x00007ffca6c40000 - 0x00007ffca6d59000 	C:\WINDOWS\System32\gdi32full.dll
0x00007ffca6e10000 - 0x00007ffca6eaa000 	C:\WINDOWS\System32\msvcp_win.dll
0x00007ffc8fd70000 - 0x00007ffc8fd8b000 	C:\Program Files\Java\jdk-21\bin\VCRUNTIME140.dll
0x00007ffc92370000 - 0x00007ffc92603000 	C:\WINDOWS\WinSxS\amd64_microsoft.windows.common-controls_6595b64144ccf1df_6.0.22621.3672_none_2713b9d173822955\COMCTL32.dll
0x00007ffca0180000 - 0x00007ffca018a000 	C:\WINDOWS\SYSTEM32\VERSION.dll
0x00007ffca7540000 - 0x00007ffca7571000 	C:\WINDOWS\System32\IMM32.DLL
0x00007ffca2660000 - 0x00007ffca266c000 	C:\Program Files\Java\jdk-21\bin\vcruntime140_1.dll
0x00007ffc7ca90000 - 0x00007ffc7cb1e000 	C:\Program Files\Java\jdk-21\bin\msvcp140.dll
0x00007ffc5f8e0000 - 0x00007ffc605f7000 	C:\Program Files\Java\jdk-21\bin\server\jvm.dll
0x00007ffca7dc0000 - 0x00007ffca7e31000 	C:\WINDOWS\System32\WS2_32.dll
0x00007ffca6390000 - 0x00007ffca63dd000 	C:\WINDOWS\SYSTEM32\POWRPROF.dll
0x00007ffc9fa10000 - 0x00007ffc9fa44000 	C:\WINDOWS\SYSTEM32\WINMM.dll
0x00007ffca6370000 - 0x00007ffca6383000 	C:\WINDOWS\SYSTEM32\UMPDC.dll
0x00007ffca5500000 - 0x00007ffca5518000 	C:\WINDOWS\SYSTEM32\kernel.appcore.dll
0x00007ffca04e0000 - 0x00007ffca04ea000 	C:\Program Files\Java\jdk-21\bin\jimage.dll
0x00007ffca3eb0000 - 0x00007ffca40e2000 	C:\WINDOWS\SYSTEM32\DBGHELP.DLL
0x00007ffca78d0000 - 0x00007ffca7c5d000 	C:\WINDOWS\System32\combase.dll
0x00007ffca6ee0000 - 0x00007ffca6fb7000 	C:\WINDOWS\System32\OLEAUT32.dll
0x00007ffc8f250000 - 0x00007ffc8f282000 	C:\WINDOWS\SYSTEM32\dbgcore.DLL
0x00007ffca6d60000 - 0x00007ffca6ddb000 	C:\WINDOWS\System32\bcryptPrimitives.dll
0x00007ffc8c070000 - 0x00007ffc8c08f000 	C:\Program Files\Java\jdk-21\bin\java.dll
0x00007ffca83e0000 - 0x00007ffca8c48000 	C:\WINDOWS\System32\SHELL32.dll
0x00007ffca42c0000 - 0x00007ffca4bbe000 	C:\WINDOWS\SYSTEM32\windows.storage.dll
0x00007ffca4180000 - 0x00007ffca42bf000 	C:\WINDOWS\SYSTEM32\wintypes.dll
0x00007ffca77c0000 - 0x00007ffca78b9000 	C:\WINDOWS\System32\SHCORE.dll
0x00007ffca72a0000 - 0x00007ffca72fe000 	C:\WINDOWS\System32\shlwapi.dll
0x00007ffca6400000 - 0x00007ffca6421000 	C:\WINDOWS\SYSTEM32\profapi.dll
0x00007ffc69ad0000 - 0x00007ffc69ba7000 	C:\Program Files\Java\jdk-21\bin\jsvml.dll
0x00007ffc9a850000 - 0x00007ffc9a860000 	C:\Program Files\Java\jdk-21\bin\net.dll
0x00007ffc9ff00000 - 0x00007ffca0036000 	C:\WINDOWS\SYSTEM32\WINHTTP.dll
0x00007ffca5970000 - 0x00007ffca59d9000 	C:\WINDOWS\system32\mswsock.dll
0x00007ffc8c050000 - 0x00007ffc8c066000 	C:\Program Files\Java\jdk-21\bin\nio.dll
0x00007ffc8bc40000 - 0x00007ffc8bc58000 	C:\Program Files\Java\jdk-21\bin\zip.dll

dbghelp: loaded successfully - version: 4.0.5 - missing functions: none
symbol engine: initialized successfully - sym options: 0x614 - pdb path: .;C:\Program Files\Java\jdk-21\bin;C:\WINDOWS\SYSTEM32;C:\WINDOWS\WinSxS\amd64_microsoft.windows.common-controls_6595b64144ccf1df_6.0.22621.3672_none_2713b9d173822955;C:\Program Files\Java\jdk-21\bin\server

VM Arguments:
jvm_args: -Dfile.encoding=UTF-8 --module-path=C:\Users\thile\Documents\NetBeansProjects\JavaApplication49\build\classes 
java_command: javaapplication49.Principal
java_class_path (initial): C:\Users\thile\Downloads\mysql-connector-j-9.1.0\mysql-connector-j-9.1.0\mysql-connector-j-9.1.0.jar;C:\Users\thile\Documents\NetBeansProjects\JavaApplication49\build\classes
Launcher Type: SUN_STANDARD

[Global flags]
     intx CICompilerCount                          = 2                                         {product} {ergonomic}
     uint ConcGCThreads                            = 1                                         {product} {ergonomic}
     uint G1ConcRefinementThreads                  = 2                                         {product} {ergonomic}
   size_t G1HeapRegionSize                         = 1048576                                   {product} {ergonomic}
    uintx GCDrainStackTargetSize                   = 64                                        {product} {ergonomic}
   size_t InitialHeapSize                          = 65011712                                  {product} {ergonomic}
   size_t MarkStackSize                            = 4194304                                   {product} {ergonomic}
   size_t MaxHeapSize                              = 1027604480                                {product} {ergonomic}
   size_t MaxNewSize                               = 616562688                                 {product} {ergonomic}
   size_t MinHeapDeltaBytes                        = 1048576                                   {product} {ergonomic}
   size_t MinHeapSize                              = 8388608                                   {product} {ergonomic}
    uintx NonNMethodCodeHeapSize                   = 5826188                                {pd product} {ergonomic}
    uintx NonProfiledCodeHeapSize                  = 122916026                              {pd product} {ergonomic}
    uintx ProfiledCodeHeapSize                     = 122916026                              {pd product} {ergonomic}
    uintx ReservedCodeCacheSize                    = 251658240                              {pd product} {ergonomic}
     bool SegmentedCodeCache                       = true                                      {product} {ergonomic}
   size_t SoftMaxHeapSize                          = 1027604480                             {manageable} {ergonomic}
     bool UseCompressedOops                        = true                           {product lp64_product} {ergonomic}
     bool UseG1GC                                  = true                                      {product} {ergonomic}
     bool UseLargePagesIndividualAllocation        = false                                  {pd product} {ergonomic}

Logging:
Log output configuration:
 #0: stdout all=warning uptime,level,tags foldmultilines=false
 #1: stderr all=off uptime,level,tags foldmultilines=false

Environment Variables:
JAVA_HOME=C:\Program Files\Java\jdk-21
PATH=C:\Program Files\Common Files\Oracle\Java\javapath;C:\WINDOWS\system32;C:\WINDOWS;C:\WINDOWS\System32\Wbem;C:\WINDOWS\System32\WindowsPowerShell\v1.0\;C:\WINDOWS\System32\OpenSSH\;C:\Program Files\Java\jdk-21\bin;C:\Program Files\nodejs\;C:\Android\cmdline-tools\latest\bin;C:\Android\platform-tools;C:\Android\emulator;C:\Android\build-tools\34.0.0;C:\Android\platform-tools;C:\Users\thile\AppData\Local\Programs\Python\Python312\Scripts\;C:\Users\thile\AppData\Local\Programs\Python\Python312\;C:\Users\thile\AppData\Local\Programs\Python\Launcher\;C:\Users\thile\AppData\Local\Microsoft\WindowsApps;C:\Gradle\gradle-8.12.1\bin;C:\Users\thile\AppData\Roaming\npm;C:\Android\platform-tools;C:\Users\thile\AppData\Local\Programs\Microsoft VS Code\bin;C:\Program Files\OpenSSL-Win64\bin;
USERNAME=thile
OS=Windows_NT
PROCESSOR_IDENTIFIER=Intel64 Family 6 Model 122 Stepping 8, GenuineIntel
TMP=C:\Users\thile\AppData\Local\Temp
TEMP=C:\Users\thile\AppData\Local\Temp




Periodic native trim disabled

---------------  S Y S T E M  ---------------

OS:
 Windows 11 , 64 bit Build 22621 (10.0.22621.3958)
OS uptime: 0 days 1:00 hours

CPU: total 2 (initial active 2) (2 cores per cpu, 1 threads per core) family 6 model 122 stepping 8 microcode 0x18, cx8, cmov, fxsr, mmx, 3dnowpref, sse, sse2, sse3, ssse3, sse4.1, sse4.2, popcnt, tsc, tscinvbit, aes, erms, clmul, sha, clflush, clflushopt, rdtscp, rdpid
Processor Information for all 2 processors :
  Max Mhz: 1101, Current Mhz: 1101, Mhz Limit: 1101

Memory: 4k page, system-wide physical 3918M (243M free)
TotalPageFile size 6727M (AvailPageFile size 31M)
current process WorkingSet (physical memory assigned to process): 50M, peak: 50M
current process commit charge ("private bytes"): 135M, peak: 135M

vm_info: Java HotSpot(TM) 64-Bit Server VM (21.0.2+13-LTS-58) for windows-amd64 JRE (21.0.2+13-LTS-58), built on 2024-01-05T18:32:24Z by "mach5one" with MS VC++ 17.1 (VS2022)

END.
